<?xml version="1.0" encoding="utf-8"?><testsuites name="pytest tests"><testsuite name="pytest" errors="0" failures="0" skipped="0" tests="26" time="21.986" timestamp="2026-05-23T20:42:26.571796+00:00" hostname="agent-env-7edab1d2-8340-4dd6-8770-eace969b5da5"><testcase classname="backend.tests.test_jarvis_home" name="test_health" time="0.241" /><testcase classname="backend.tests.test_jarvis_home" name="test_register_priya" time="0.276" /><testcase classname="backend.tests.test_jarvis_home" name="test_register_duplicate_fails" time="0.044" /><testcase classname="backend.tests.test_jarvis_home" name="test_join_with_invalid_code" time="0.045" /><testcase classname="backend.tests.test_jarvis_home" name="test_join_rohan" time="0.275" /><testcase classname="backend.tests.test_jarvis_home" name="test_login_success" time="0.278" /><testcase classname="backend.tests.test_jarvis_home" name="test_login_wrong_password" time="0.268" /><testcase classname="backend.tests.test_jarvis_home" name="test_me" time="0.045" /><testcase classname="backend.tests.test_jarvis_home" name="test_me_no_token" time="0.120" /><testcase classname="backend.tests.test_jarvis_home" name="test_household_members" time="0.044" /><testcase classname="backend.tests.test_jarvis_home" name="test_rotate_invite" time="0.046" /><testcase classname="backend.tests.test_jarvis_home" name="test_chat_history_initial" time="0.048" /><testcase classname="backend.tests.test_jarvis_home" name="test_chat_silent_for_casual" time="1.857" /><testcase classname="backend.tests.test_jarvis_home" name="test_chat_silent_extracts_grocery" time="4.117" /><testcase classname="backend.tests.test_jarvis_home" name="test_chat_question_gets_reply" time="2.644" /><testcase classname="backend.tests.test_jarvis_home" name="test_chat_more_groceries_for_cart_proposal" time="7.056" /><testcase classname="backend.tests.test_jarvis_home" name="test_chat_since" time="0.097" /><testcase classname="backend.tests.test_jarvis_home" name="test_cart_manual_add_update_delete" time="0.142" /><testcase classname="backend.tests.test_jarvis_home" name="test_cart_from_chat" time="3.139" /><testcase classname="backend.tests.test_jarvis_home" name="test_checkout_mock_swiggy" time="0.145" /><testcase classname="backend.tests.test_jarvis_home" name="test_checkout_already_processed" time="0.047" /><testcase classname="backend.tests.test_jarvis_home" name="test_checkout_empty_cart" time="0.144" /><testcase classname="backend.tests.test_jarvis_home" name="test_family_crud" time="0.229" /><testcase classname="backend.tests.test_jarvis_home" name="test_pantry_crud" time="0.195" /><testcase classname="backend.tests.test_jarvis_home" name="test_mealplan_week_and_update" time="0.154" /><testcase classname="backend.tests.test_jarvis_home" name="test_rohan_sees_same_cart" time="0.133" /></testsuite></testsuites>